
2024/01/26 (09:29:57) | ===> btop++ v.1.3.0
2024/01/26 (09:29:57) | ERROR: Stall in Runner thread, restarting!

2024/01/27 (10:26:26) | ===> btop++ v.1.3.0
2024/01/27 (10:26:26) | ERROR: Stall in Runner thread, restarting!

2024/01/28 (11:05:12) | ===> btop++ v.1.3.0
2024/01/28 (11:05:12) | ERROR: Stall in Runner thread, restarting!

2024/01/29 (10:33:56) | ===> btop++ v.1.3.0
2024/01/29 (10:33:56) | ERROR: Stall in Runner thread, restarting!

2024/01/30 (10:21:14) | ===> btop++ v.1.3.0
2024/01/30 (10:21:14) | ERROR: Stall in Runner thread, restarting!

2024/01/30 (23:35:30) | ===> btop++ v.1.3.0
2024/01/30 (23:35:30) | ERROR: Stall in Runner thread, restarting!

2024/02/04 (11:02:56) | ===> btop++ v.1.3.0
2024/02/04 (11:02:56) | ERROR: Stall in Runner thread, restarting!

2024/02/05 (10:59:38) | ===> btop++ v.1.3.0
2024/02/05 (10:59:38) | ERROR: Stall in Runner thread, restarting!

2024/02/06 (14:38:08) | ===> btop++ v.1.3.0
2024/02/06 (14:38:08) | ERROR: Stall in Runner thread, restarting!

2024/02/13 (09:57:56) | ===> btop++ v.1.3.2
2024/02/13 (09:57:56) | ERROR: Stall in Runner thread, restarting!

2024/02/14 (09:31:26) | ===> btop++ v.1.3.2
2024/02/14 (09:31:26) | ERROR: Stall in Runner thread, restarting!

2024/02/14 (17:21:06) | ===> btop++ v.1.3.2
2024/02/14 (17:21:06) | ERROR: Stall in Runner thread, restarting!

2024/02/15 (14:40:48) | ===> btop++ v.1.3.2
2024/02/15 (14:40:48) | ERROR: Stall in Runner thread, restarting!

2024/02/18 (10:38:16) | ===> btop++ v.1.3.2
2024/02/18 (10:38:16) | ERROR: Stall in Runner thread, restarting!

2024/02/19 (09:21:51) | ===> btop++ v.1.3.2
2024/02/19 (09:21:51) | ERROR: Stall in Runner thread, restarting!

2024/02/21 (09:56:57) | ===> btop++ v.1.3.2
2024/02/21 (09:56:57) | ERROR: Stall in Runner thread, restarting!

2024/02/21 (15:40:03) | ===> btop++ v.1.3.2
2024/02/21 (15:40:03) | ERROR: Stall in Runner thread, restarting!

2024/02/22 (09:06:24) | ===> btop++ v.1.3.2
2024/02/22 (09:06:24) | ERROR: Stall in Runner thread, restarting!

2024/02/23 (09:27:34) | ===> btop++ v.1.3.2
2024/02/23 (09:27:34) | ERROR: Stall in Runner thread, restarting!

2024/02/23 (11:33:20) | ===> btop++ v.1.3.2
2024/02/23 (11:33:20) | ERROR: Stall in Runner thread, restarting!

2024/02/24 (08:22:15) | ===> btop++ v.1.3.2
2024/02/24 (08:22:15) | ERROR: Stall in Runner thread, restarting!

2024/02/25 (10:18:42) | ===> btop++ v.1.3.2
2024/02/25 (10:18:42) | ERROR: Stall in Runner thread, restarting!

2024/02/25 (18:01:19) | ===> btop++ v.1.3.2
2024/02/25 (18:01:19) | ERROR: Stall in Runner thread, restarting!

2024/02/26 (17:20:46) | ===> btop++ v.1.3.2
2024/02/26 (17:20:46) | ERROR: Stall in Runner thread, restarting!

2024/02/27 (09:49:21) | ===> btop++ v.1.3.2
2024/02/27 (09:49:21) | ERROR: Stall in Runner thread, restarting!

2024/02/29 (10:44:30) | ===> btop++ v.1.3.2
2024/02/29 (10:44:30) | ERROR: Stall in Runner thread, restarting!

2024/03/01 (11:15:50) | ===> btop++ v.1.3.2
2024/03/01 (11:15:50) | ERROR: Stall in Runner thread, restarting!

2024/03/02 (11:21:20) | ===> btop++ v.1.3.2
2024/03/02 (11:21:20) | ERROR: Stall in Runner thread, restarting!

2024/03/04 (08:51:22) | ===> btop++ v.1.3.2
2024/03/04 (08:51:22) | ERROR: Stall in Runner thread, restarting!

2024/03/07 (22:07:12) | ===> btop++ v.1.3.2
2024/03/07 (22:07:12) | ERROR: Stall in Runner thread, restarting!

2024/03/08 (23:55:33) | ===> btop++ v.1.3.2
2024/03/08 (23:55:33) | ERROR: Stall in Runner thread, restarting!

2024/03/09 (10:28:57) | ===> btop++ v.1.3.2
2024/03/09 (10:28:57) | ERROR: Stall in Runner thread, restarting!

2024/03/12 (19:11:42) | ===> btop++ v.1.3.2
2024/03/12 (19:11:42) | ERROR: Stall in Runner thread, restarting!

2024/03/13 (09:57:23) | ===> btop++ v.1.3.2
2024/03/13 (09:57:23) | ERROR: Stall in Runner thread, restarting!

2024/03/18 (09:46:18) | ===> btop++ v.1.3.2
2024/03/18 (09:46:18) | ERROR: Stall in Runner thread, restarting!

2024/03/21 (09:54:59) | ===> btop++ v.1.3.2
2024/03/21 (09:54:59) | ERROR: Stall in Runner thread, restarting!

2024/03/21 (14:50:24) | ===> btop++ v.1.3.2
2024/03/21 (14:50:24) | ERROR: Stall in Runner thread, restarting!

2024/03/22 (00:59:47) | ===> btop++ v.1.3.2
2024/03/22 (00:59:47) | ERROR: Stall in Runner thread, restarting!

2024/03/23 (09:53:13) | ===> btop++ v.1.3.2
2024/03/23 (09:53:13) | ERROR: Stall in Runner thread, restarting!

2024/03/27 (23:58:52) | ===> btop++ v.1.3.2
2024/03/27 (23:58:52) | ERROR: Stall in Runner thread, restarting!

2024/03/29 (09:54:59) | ===> btop++ v.1.3.2
2024/03/29 (09:54:59) | ERROR: Stall in Runner thread, restarting!

2024/03/29 (10:55:27) | ===> btop++ v.1.3.2
2024/03/29 (10:55:27) | ERROR: Stall in Runner thread, restarting!

2024/04/07 (10:48:25) | ===> btop++ v.1.3.2
2024/04/07 (10:48:25) | ERROR: Stall in Runner thread, restarting!

2024/04/14 (14:38:22) | ===> btop++ v.1.3.2
2024/04/14 (14:38:22) | ERROR: Stall in Runner thread, restarting!

2024/04/15 (15:34:27) | ===> btop++ v.1.3.2
2024/04/15 (15:34:27) | ERROR: Stall in Runner thread, restarting!

2024/04/21 (17:15:24) | ===> btop++ v.1.3.2
2024/04/21 (17:15:24) | ERROR: Stall in Runner thread, restarting!

2024/04/24 (09:34:19) | ===> btop++ v.1.3.2
2024/04/24 (09:34:19) | ERROR: Stall in Runner thread, restarting!

2024/04/29 (09:11:53) | ===> btop++ v.1.3.2
2024/04/29 (09:11:53) | ERROR: Stall in Runner thread, restarting!

2024/05/03 (09:21:43) | ===> btop++ v.1.3.2
2024/05/03 (09:21:43) | ERROR: Stall in Runner thread, restarting!

2024/05/03 (15:28:52) | ===> btop++ v.1.3.2
2024/05/03 (15:28:52) | ERROR: Stall in Runner thread, restarting!

2024/05/04 (22:52:02) | ===> btop++ v.1.3.2
2024/05/04 (22:52:02) | ERROR: Stall in Runner thread, restarting!

2024/05/06 (14:23:18) | ===> btop++ v.1.3.2
2024/05/06 (14:23:18) | ERROR: Stall in Runner thread, restarting!

2024/05/08 (15:15:17) | ===> btop++ v.1.3.2
2024/05/08 (15:15:17) | ERROR: Stall in Runner thread, restarting!

2024/05/10 (11:48:26) | ===> btop++ v.1.3.2
2024/05/10 (11:48:26) | ERROR: Stall in Runner thread, restarting!

2024/05/12 (20:35:39) | ===> btop++ v.1.3.2
2024/05/12 (20:35:39) | ERROR: Stall in Runner thread, restarting!

2024/05/14 (09:24:35) | ===> btop++ v.1.3.2
2024/05/14 (09:24:35) | ERROR: Stall in Runner thread, restarting!

2024/05/23 (10:24:24) | ===> btop++ v.1.3.2
2024/05/23 (10:24:24) | ERROR: Stall in Runner thread, restarting!

2024/05/24 (21:56:17) | ===> btop++ v.1.3.2
2024/05/24 (21:56:17) | ERROR: Stall in Runner thread, restarting!

2024/05/27 (15:05:52) | ===> btop++ v.1.3.2
2024/05/27 (15:05:52) | ERROR: Stall in Runner thread, restarting!

2024/05/29 (09:51:16) | ===> btop++ v.1.3.2
2024/05/29 (09:51:16) | ERROR: Stall in Runner thread, restarting!

2024/05/31 (11:32:25) | ===> btop++ v.1.3.2
2024/05/31 (11:32:25) | ERROR: Stall in Runner thread, restarting!

2024/06/01 (10:43:02) | ===> btop++ v.1.3.2
2024/06/01 (10:43:02) | ERROR: Stall in Runner thread, restarting!

2024/06/03 (09:17:14) | ===> btop++ v.1.3.2
2024/06/03 (09:17:14) | ERROR: Stall in Runner thread, restarting!

2024/06/04 (09:25:22) | ===> btop++ v.1.3.2
2024/06/04 (09:25:22) | ERROR: Stall in Runner thread, restarting!

2024/06/04 (18:50:21) | ===> btop++ v.1.3.2
2024/06/04 (18:50:21) | ERROR: Stall in Runner thread, restarting!

2024/06/09 (15:48:27) | ===> btop++ v.1.3.2
2024/06/09 (15:48:27) | ERROR: Stall in Runner thread, restarting!

2024/06/15 (10:02:47) | ===> btop++ v.1.3.2
2024/06/15 (10:02:47) | ERROR: Stall in Runner thread, restarting!

2024/06/16 (10:02:01) | ===> btop++ v.1.3.2
2024/06/16 (10:02:01) | ERROR: Stall in Runner thread, restarting!

2024/06/20 (09:52:17) | ===> btop++ v.1.3.2
2024/06/20 (09:52:17) | ERROR: Stall in Runner thread, restarting!

2024/07/08 (22:24:54) | ===> btop++ v.1.3.2
2024/07/08 (22:24:54) | ERROR: Stall in Runner thread, restarting!

2024/07/10 (15:16:39) | ===> btop++ v.1.3.2
2024/07/10 (15:16:39) | ERROR: Stall in Runner thread, restarting!

2024/07/11 (20:38:17) | ===> btop++ v.1.3.2
2024/07/11 (20:38:17) | ERROR: Stall in Runner thread, restarting!

2024/07/11 (23:42:09) | ===> btop++ v.1.3.2
2024/07/11 (23:42:09) | ERROR: Stall in Runner thread, restarting!

2024/07/13 (10:27:29) | ===> btop++ v.1.3.2
2024/07/13 (10:27:29) | ERROR: Stall in Runner thread, restarting!

2024/07/15 (11:16:01) | ===> btop++ v.1.3.2
2024/07/15 (11:16:01) | ERROR: Stall in Runner thread, restarting!

2024/07/16 (10:02:37) | ===> btop++ v.1.3.2
2024/07/16 (10:02:37) | ERROR: Stall in Runner thread, restarting!

2024/07/20 (09:51:17) | ===> btop++ v.1.3.2
2024/07/20 (09:51:17) | ERROR: Stall in Runner thread, restarting!

2024/07/20 (22:07:05) | ===> btop++ v.1.3.2
2024/07/20 (22:07:05) | ERROR: Stall in Runner thread, restarting!

2024/07/21 (23:39:49) | ===> btop++ v.1.3.2
2024/07/21 (23:39:49) | ERROR: Stall in Runner thread, restarting!

2024/07/22 (16:26:42) | ===> btop++ v.1.3.2
2024/07/22 (16:26:42) | ERROR: Stall in Runner thread, restarting!

2024/08/05 (09:12:14) | ===> btop++ v.1.3.2
2024/08/05 (09:12:14) | ERROR: Stall in Runner thread, restarting!

2024/08/07 (22:32:46) | ===> btop++ v.1.3.2
2024/08/07 (22:32:46) | ERROR: Stall in Runner thread, restarting!

2024/08/08 (10:37:48) | ===> btop++ v.1.3.2
2024/08/08 (10:37:48) | ERROR: Stall in Runner thread, restarting!

2024/08/08 (21:35:00) | ===> btop++ v.1.3.2
2024/08/08 (21:35:00) | ERROR: Stall in Runner thread, restarting!

2024/08/09 (20:40:50) | ===> btop++ v.1.3.2
2024/08/09 (20:40:50) | ERROR: Stall in Runner thread, restarting!

2024/08/12 (09:05:19) | ===> btop++ v.1.3.2
2024/08/12 (09:05:19) | ERROR: Stall in Runner thread, restarting!

2024/08/13 (20:37:16) | ===> btop++ v.1.3.2
2024/08/13 (20:37:16) | ERROR: Stall in Runner thread, restarting!

2024/08/14 (10:25:17) | ===> btop++ v.1.3.2
2024/08/14 (10:25:17) | ERROR: Stall in Runner thread, restarting!

2024/08/14 (16:40:03) | ===> btop++ v.1.3.2
2024/08/14 (16:40:03) | ERROR: Stall in Runner thread, restarting!

2024/08/15 (10:12:41) | ===> btop++ v.1.3.2
2024/08/15 (10:12:41) | ERROR: Stall in Runner thread, restarting!

2024/08/15 (19:41:19) | ===> btop++ v.1.3.2
2024/08/15 (19:41:19) | ERROR: Stall in Runner thread, restarting!

2024/08/16 (23:43:22) | ===> btop++ v.1.3.2
2024/08/16 (23:43:22) | ERROR: Stall in Runner thread, restarting!

2024/08/17 (10:29:31) | ===> btop++ v.1.3.2
2024/08/17 (10:29:31) | ERROR: Stall in Runner thread, restarting!

2024/08/18 (15:10:31) | ===> btop++ v.1.3.2
2024/08/18 (15:10:31) | ERROR: Stall in Runner thread, restarting!

2024/08/19 (20:04:18) | ===> btop++ v.1.3.2
2024/08/19 (20:04:18) | ERROR: Stall in Runner thread, restarting!

2024/08/20 (16:50:05) | ===> btop++ v.1.3.2
2024/08/20 (16:50:05) | ERROR: Stall in Runner thread, restarting!

2024/08/22 (07:56:18) | ===> btop++ v.1.3.2
2024/08/22 (07:56:18) | ERROR: Stall in Runner thread, restarting!

2024/08/22 (21:16:51) | ===> btop++ v.1.3.2
2024/08/22 (21:16:51) | ERROR: Stall in Runner thread, restarting!

2024/08/23 (08:52:09) | ===> btop++ v.1.3.2
2024/08/23 (08:52:09) | ERROR: Stall in Runner thread, restarting!

2024/08/23 (12:39:47) | ===> btop++ v.1.3.2
2024/08/23 (12:39:47) | ERROR: Stall in Runner thread, restarting!

2024/08/24 (22:22:06) | ===> btop++ v.1.3.2
2024/08/24 (22:22:06) | ERROR: Stall in Runner thread, restarting!

2024/08/25 (09:45:47) | ===> btop++ v.1.3.2
2024/08/25 (09:45:47) | ERROR: Stall in Runner thread, restarting!

2024/08/25 (20:44:40) | ===> btop++ v.1.3.2
2024/08/25 (20:44:40) | ERROR: Stall in Runner thread, restarting!

2024/08/26 (19:34:13) | ===> btop++ v.1.3.2
2024/08/26 (19:34:13) | ERROR: Stall in Runner thread, restarting!

2024/08/27 (20:19:31) | ===> btop++ v.1.3.2
2024/08/27 (20:19:31) | ERROR: Stall in Runner thread, restarting!

2024/08/28 (10:20:35) | ===> btop++ v.1.3.2
2024/08/28 (10:20:35) | ERROR: Stall in Runner thread, restarting!

2024/08/29 (20:31:27) | ===> btop++ v.1.3.2
2024/08/29 (20:31:27) | ERROR: Stall in Runner thread, restarting!

2024/08/29 (22:30:36) | ===> btop++ v.1.3.2
2024/08/29 (22:30:36) | ERROR: Stall in Runner thread, restarting!

2024/08/30 (10:39:54) | ===> btop++ v.1.3.2
2024/08/30 (10:39:54) | ERROR: Stall in Runner thread, restarting!

2024/08/30 (14:20:42) | ===> btop++ v.1.3.2
2024/08/30 (14:20:42) | ERROR: Stall in Runner thread, restarting!

2024/09/01 (10:38:02) | ===> btop++ v.1.3.2
2024/09/01 (10:38:02) | ERROR: Stall in Runner thread, restarting!

2024/09/01 (21:50:30) | ===> btop++ v.1.3.2
2024/09/01 (21:50:30) | ERROR: Stall in Runner thread, restarting!

2024/09/03 (09:37:03) | ===> btop++ v.1.3.2
2024/09/03 (09:37:03) | ERROR: Stall in Runner thread, restarting!

2024/09/05 (00:53:41) | ===> btop++ v.1.3.2
2024/09/05 (00:53:41) | ERROR: Stall in Runner thread, restarting!

2024/09/06 (01:39:44) | ===> btop++ v.1.3.2
2024/09/06 (01:39:44) | ERROR: Stall in Runner thread, restarting!

2024/09/06 (16:05:06) | ===> btop++ v.1.3.2
2024/09/06 (16:05:06) | ERROR: Stall in Runner thread, restarting!

2024/09/06 (21:42:55) | ===> btop++ v.1.3.2
2024/09/06 (21:42:55) | ERROR: Stall in Runner thread, restarting!

2024/09/07 (08:45:46) | ===> btop++ v.1.3.2
2024/09/07 (08:45:46) | ERROR: Stall in Runner thread, restarting!

2024/09/08 (10:28:10) | ===> btop++ v.1.3.2
2024/09/08 (10:28:10) | ERROR: Stall in Runner thread, restarting!

2024/09/09 (11:10:47) | ===> btop++ v.1.3.2
2024/09/09 (11:10:47) | ERROR: Stall in Runner thread, restarting!

2024/09/10 (22:30:00) | ===> btop++ v.1.3.2
2024/09/10 (22:30:00) | ERROR: Stall in Runner thread, restarting!

2024/09/11 (18:13:05) | ===> btop++ v.1.3.2
2024/09/11 (18:13:05) | WARNING: NVML: Failed to get maximum GPU power draw, defaulting to 225W: Not Supported

2024/09/12 (14:36:30) | ===> btop++ v.1.3.2
2024/09/12 (14:36:30) | ERROR: Stall in Runner thread, restarting!

2024/09/13 (13:38:29) | ===> btop++ v.1.3.2
2024/09/13 (13:38:29) | ERROR: Stall in Runner thread, restarting!

2024/09/14 (10:13:39) | ===> btop++ v.1.3.2
2024/09/14 (10:13:39) | ERROR: Stall in Runner thread, restarting!

2024/09/17 (22:25:32) | ===> btop++ v.1.3.2
2024/09/17 (22:25:32) | ERROR: Stall in Runner thread, restarting!

2024/09/17 (23:51:27) | ===> btop++ v.1.3.2
2024/09/17 (23:51:27) | ERROR: Exception during Config::unlock() : unordered_map::at

2024/09/17 (23:51:51) | ===> btop++ v.1.3.2
2024/09/17 (23:51:51) | ERROR: Exception during Config::unlock() : unordered_map::at

2024/09/18 (09:58:53) | ===> btop++ v.1.3.2
2024/09/18 (09:58:53) | ERROR: Stall in Runner thread, restarting!

2024/09/18 (20:33:38) | ===> btop++ v.1.3.2
2024/09/18 (20:33:38) | ERROR: Stall in Runner thread, restarting!

2024/09/19 (09:56:03) | ===> btop++ v.1.3.2
2024/09/19 (09:56:03) | ERROR: Stall in Runner thread, restarting!

2024/09/23 (13:50:06) | ===> btop++ v.1.4.0
2024/09/23 (13:50:06) | ERROR: Stall in Runner thread, restarting!

2024/09/24 (10:27:58) | ===> btop++ v.1.4.0
2024/09/24 (10:27:58) | ERROR: Stall in Runner thread, restarting!

2024/09/30 (10:09:15) | ===> btop++ v.1.4.0
2024/09/30 (10:09:15) | ERROR: Stall in Runner thread, restarting!

2024/10/01 (09:52:13) | ===> btop++ v.1.4.0
2024/10/01 (09:52:13) | ERROR: Stall in Runner thread, restarting!

2024/10/02 (22:48:17) | ===> btop++ v.1.4.0
2024/10/02 (22:48:17) | WARNING: NVML: Failed to get maximum GPU power draw, defaulting to 225W: Not Supported
2024/10/02 (22:48:17) | WARNING: Intel GPU: Failed to initialize PMU

2024/10/10 (10:19:46) | ===> btop++ v.1.4.0
2024/10/10 (10:19:46) | WARNING: Intel GPU: Failed to initialize PMU

2024/10/10 (10:37:01) | ===> btop++ v.1.4.0
2024/10/10 (10:37:01) | WARNING: NVML: Failed to get maximum GPU power draw, defaulting to 225W: Not Supported
2024/10/10 (10:37:01) | WARNING: Intel GPU: Failed to initialize PMU

2024/10/10 (10:48:57) | ===> btop++ v.1.4.0
2024/10/10 (10:48:57) | WARNING: NVML: Failed to get maximum GPU power draw, defaulting to 225W: Not Supported
2024/10/10 (10:48:57) | WARNING: Intel GPU: Failed to initialize PMU

2024/10/12 (14:10:05) | ===> btop++ v.1.4.0
2024/10/12 (14:10:05) | WARNING: NVML: Failed to get maximum GPU power draw, defaulting to 225W: Not Supported
2024/10/12 (14:10:05) | WARNING: Intel GPU: Failed to initialize PMU

2024/10/15 (13:45:24) | ===> btop++ v.1.4.0
2024/10/15 (13:45:24) | WARNING: NVML: Failed to get maximum GPU power draw, defaulting to 225W: Not Supported
2024/10/15 (13:45:24) | WARNING: Intel GPU: Failed to initialize PMU

2024/10/22 (20:39:31) | ===> btop++ v.1.4.0
2024/10/22 (20:39:31) | WARNING: NVML: Failed to get maximum GPU power draw, defaulting to 225W: Not Supported
2024/10/22 (20:39:31) | WARNING: Intel GPU: Failed to initialize PMU

2024/10/22 (20:42:01) | ===> btop++ v.1.4.0
2024/10/22 (20:42:01) | WARNING: NVML: Failed to get maximum GPU power draw, defaulting to 225W: Not Supported
2024/10/22 (20:42:01) | WARNING: Intel GPU: Failed to initialize PMU

2024/10/22 (22:12:39) | ===> btop++ v.1.4.0
2024/10/22 (22:12:39) | WARNING: NVML: Failed to get maximum GPU power draw, defaulting to 225W: Not Supported
2024/10/22 (22:12:39) | WARNING: Intel GPU: Failed to initialize PMU

2024/10/12 (12:21:44) | ===> btop++ v.1.4.0
2024/10/12 (12:21:44) | ERROR: Stall in Runner thread, restarting!

2024/10/12 (18:15:36) | ===> btop++ v.1.4.0
2024/10/12 (18:15:36) | ERROR: Stall in Runner thread, restarting!

2024/10/14 (11:19:27) | ===> btop++ v.1.4.0
2024/10/14 (11:19:27) | ERROR: Stall in Runner thread, restarting!

2024/10/14 (16:19:03) | ===> btop++ v.1.4.0
2024/10/14 (16:19:03) | ERROR: Stall in Runner thread, restarting!

2024/10/15 (21:50:41) | ===> btop++ v.1.4.0
2024/10/15 (21:50:41) | ERROR: Stall in Runner thread, restarting!

2024/10/16 (09:30:47) | ===> btop++ v.1.4.0
2024/10/16 (09:30:47) | ERROR: Stall in Runner thread, restarting!

2024/10/16 (10:44:18) | ===> btop++ v.1.4.0
2024/10/16 (10:44:18) | ERROR: Stall in Runner thread, restarting!

2024/10/24 (09:57:04) | ===> btop++ v.1.4.0
2024/10/24 (09:57:04) | ERROR: Stall in Runner thread, restarting!

2024/10/25 (09:58:38) | ===> btop++ v.1.4.0
2024/10/25 (09:58:38) | ERROR: Stall in Runner thread, restarting!

2024/10/28 (10:03:36) | ===> btop++ v.1.4.0
2024/10/28 (10:03:36) | ERROR: Stall in Runner thread, restarting!

2024/10/29 (10:45:49) | ===> btop++ v.1.4.0
2024/10/29 (10:45:49) | ERROR: Stall in Runner thread, restarting!

2024/10/30 (10:42:14) | ===> btop++ v.1.4.0
2024/10/30 (10:42:14) | ERROR: Stall in Runner thread, restarting!

2024/10/31 (09:53:26) | ===> btop++ v.1.4.0
2024/10/31 (09:53:26) | ERROR: Stall in Runner thread, restarting!

2024/10/31 (15:41:45) | ===> btop++ v.1.4.0
2024/10/31 (15:41:45) | ERROR: Stall in Runner thread, restarting!

2024/11/01 (09:27:21) | ===> btop++ v.1.4.0
2024/11/01 (09:27:21) | ERROR: Stall in Runner thread, restarting!

2024/11/02 (10:40:10) | ===> btop++ v.1.4.0
2024/11/02 (10:40:10) | ERROR: Stall in Runner thread, restarting!

2024/11/03 (10:39:43) | ===> btop++ v.1.4.0
2024/11/03 (10:39:43) | ERROR: Stall in Runner thread, restarting!

2024/11/04 (09:50:18) | ===> btop++ v.1.4.0
2024/11/04 (09:50:18) | ERROR: Stall in Runner thread, restarting!

2024/11/05 (10:21:10) | ===> btop++ v.1.4.0
2024/11/05 (10:21:10) | ERROR: Stall in Runner thread, restarting!

2024/11/06 (10:02:56) | ===> btop++ v.1.4.0
2024/11/06 (10:02:56) | ERROR: Stall in Runner thread, restarting!

2024/11/06 (16:06:01) | ===> btop++ v.1.4.0
2024/11/06 (16:06:01) | ERROR: Stall in Runner thread, restarting!

2024/11/07 (09:43:47) | ===> btop++ v.1.4.0
2024/11/07 (09:43:47) | ERROR: Stall in Runner thread, restarting!

2024/11/08 (09:59:47) | ===> btop++ v.1.4.0
2024/11/08 (09:59:47) | ERROR: Stall in Runner thread, restarting!

2024/11/08 (14:50:10) | ===> btop++ v.1.4.0
2024/11/08 (14:50:10) | ERROR: Stall in Runner thread, restarting!

2024/11/08 (15:09:14) | ===> btop++ v.1.4.0
2024/11/08 (15:09:14) | ERROR: Stall in Runner thread, restarting!

2024/11/08 (15:11:14) | ===> btop++ v.1.4.0
2024/11/08 (15:11:14) | ERROR: Stall in Runner thread, restarting!

2024/11/08 (15:16:15) | ===> btop++ v.1.4.0
2024/11/08 (15:16:15) | ERROR: Stall in Runner thread, restarting!

2024/11/08 (21:28:37) | ===> btop++ v.1.4.0
2024/11/08 (21:28:37) | ERROR: Stall in Runner thread, restarting!

2024/11/09 (11:21:47) | ===> btop++ v.1.4.0
2024/11/09 (11:21:47) | ERROR: Stall in Runner thread, restarting!

2024/11/24 (20:51:12) | ===> btop++ v.1.4.0
2024/11/24 (20:51:12) | ERROR: Stall in Runner thread, restarting!

2024/12/05 (10:55:25) | ===> btop++ v.1.4.0
2024/12/05 (10:55:25) | WARNING: Intel GPU: Failed to initialize PMU

2024/12/05 (11:09:37) | ===> btop++ v.1.4.0
2024/12/05 (11:09:37) | WARNING: NVML: Failed to get maximum GPU power draw, defaulting to 225W: Not Supported
2024/12/05 (11:09:37) | WARNING: Intel GPU: Failed to initialize PMU

2024/12/25 (11:19:30) | ===> btop++ v.1.4.0
2024/12/25 (11:19:30) | ERROR: Stall in Runner thread, restarting!

2024/12/26 (11:33:18) | ===> btop++ v.1.4.0
2024/12/26 (11:33:18) | ERROR: Stall in Runner thread, restarting!

2024/12/27 (19:31:49) | ===> btop++ v.1.4.0
2024/12/27 (19:31:49) | ERROR: Stall in Runner thread, restarting!

2024/12/28 (11:42:52) | ===> btop++ v.1.4.0
2024/12/28 (11:42:52) | ERROR: Stall in Runner thread, restarting!

2024/12/29 (11:01:02) | ===> btop++ v.1.4.0
2024/12/29 (11:01:02) | ERROR: Stall in Runner thread, restarting!

2024/12/31 (16:22:31) | ===> btop++ v.1.4.0
2024/12/31 (16:22:31) | ERROR: Stall in Runner thread, restarting!

2025/01/01 (11:51:16) | ===> btop++ v.1.4.0
2025/01/01 (11:51:16) | ERROR: Stall in Runner thread, restarting!

2025/01/01 (13:43:01) | ===> btop++ v.1.4.0
2025/01/01 (13:43:01) | ERROR: Stall in Runner thread, restarting!

2025/01/05 (10:22:55) | ===> btop++ v.1.4.0
2025/01/05 (10:22:55) | ERROR: Stall in Runner thread, restarting!

2025/01/06 (00:28:46) | ===> btop++ v.1.4.0
2025/01/06 (00:28:46) | ERROR: Stall in Runner thread, restarting!

2025/01/06 (19:24:50) | ===> btop++ v.1.4.0
2025/01/06 (19:24:50) | ERROR: Stall in Runner thread, restarting!

2025/01/07 (10:09:56) | ===> btop++ v.1.4.0
2025/01/07 (10:09:56) | ERROR: Stall in Runner thread, restarting!

2025/01/08 (10:10:13) | ===> btop++ v.1.4.0
2025/01/08 (10:10:13) | ERROR: Stall in Runner thread, restarting!

2025/01/09 (09:18:58) | ===> btop++ v.1.4.0
2025/01/09 (09:18:58) | ERROR: Stall in Runner thread, restarting!

2025/01/09 (12:51:20) | ===> btop++ v.1.4.0
2025/01/09 (12:51:20) | ERROR: Stall in Runner thread, restarting!

2025/01/09 (19:49:01) | ===> btop++ v.1.4.0
2025/01/09 (19:49:01) | ERROR: Stall in Runner thread, restarting!

2025/01/10 (09:49:31) | ===> btop++ v.1.4.0
2025/01/10 (09:49:31) | ERROR: Stall in Runner thread, restarting!

2025/01/11 (12:03:58) | ===> btop++ v.1.4.0
2025/01/11 (12:03:58) | ERROR: Stall in Runner thread, restarting!

2025/01/11 (13:33:42) | ===> btop++ v.1.4.0
2025/01/11 (13:33:42) | ERROR: Stall in Runner thread, restarting!

2025/01/12 (22:34:34) | ===> btop++ v.1.4.0
2025/01/12 (22:34:34) | ERROR: Stall in Runner thread, restarting!

2025/01/13 (23:26:08) | ===> btop++ v.1.4.0
2025/01/13 (23:26:08) | ERROR: Stall in Runner thread, restarting!

2025/01/14 (11:08:23) | ===> btop++ v.1.4.0
2025/01/14 (11:08:23) | ERROR: Stall in Runner thread, restarting!
2025/01/14 (18:38:51) | ERROR: Runner thread died unexpectedly!

2025/01/15 (11:26:02) | ===> btop++ v.1.4.0
2025/01/15 (11:26:02) | ERROR: Stall in Runner thread, restarting!

2025/01/16 (09:29:27) | ===> btop++ v.1.4.0
2025/01/16 (09:29:27) | ERROR: Stall in Runner thread, restarting!

2025/01/17 (11:33:18) | ===> btop++ v.1.4.0
2025/01/17 (11:33:18) | ERROR: Stall in Runner thread, restarting!

2025/01/19 (21:37:48) | ===> btop++ v.1.4.0
2025/01/19 (21:37:48) | WARNING: Intel GPU: Failed to initialize PMU

2025/01/19 (21:38:09) | ===> btop++ v.1.4.0
2025/01/19 (21:38:09) | WARNING: Intel GPU: Failed to initialize PMU

2025/01/19 (22:10:43) | ===> btop++ v.1.4.0
2025/01/19 (22:10:43) | WARNING: Intel GPU: Failed to initialize PMU

2025/01/18 (20:27:33) | ===> btop++ v.1.4.0
2025/01/18 (20:27:33) | ERROR: Stall in Runner thread, restarting!

2025/01/19 (01:44:19) | ===> btop++ v.1.4.0
2025/01/19 (01:44:19) | ERROR: Stall in Runner thread, restarting!

2025/01/20 (00:46:21) | ===> btop++ v.1.4.0
2025/01/20 (00:46:21) | ERROR: Stall in Runner thread, restarting!

2025/01/22 (11:18:08) | ===> btop++ v.1.4.0
2025/01/22 (11:18:08) | ERROR: Stall in Runner thread, restarting!

2025/01/22 (16:40:26) | ===> btop++ v.1.4.0
2025/01/22 (16:40:26) | ERROR: Stall in Runner thread, restarting!

2025/01/23 (01:37:23) | ===> btop++ v.1.4.0
2025/01/23 (01:37:23) | ERROR: Stall in Runner thread, restarting!

2025/01/23 (12:28:48) | ===> btop++ v.1.4.0
2025/01/23 (12:28:48) | ERROR: Stall in Runner thread, restarting!

2025/01/24 (10:24:32) | ===> btop++ v.1.4.0
2025/01/24 (10:24:32) | ERROR: Stall in Runner thread, restarting!

2025/01/24 (19:07:23) | ===> btop++ v.1.4.0
2025/01/24 (19:07:23) | ERROR: Stall in Runner thread, restarting!

2025/01/25 (11:30:56) | ===> btop++ v.1.4.0
2025/01/25 (11:30:56) | ERROR: Stall in Runner thread, restarting!

2025/01/25 (13:56:39) | ===> btop++ v.1.4.0
2025/01/25 (13:56:39) | ERROR: Stall in Runner thread, restarting!

2025/01/25 (22:42:31) | ===> btop++ v.1.4.0
2025/01/25 (22:42:31) | ERROR: Stall in Runner thread, restarting!

2025/01/26 (14:29:21) | ===> btop++ v.1.4.0
2025/01/26 (14:29:21) | WARNING: Intel GPU: Failed to initialize PMU

2025/01/27 (02:35:03) | ===> btop++ v.1.4.0
2025/01/27 (02:35:03) | ERROR: Stall in Runner thread, restarting!

2025/01/28 (10:17:16) | ===> btop++ v.1.4.0
2025/01/28 (10:17:16) | ERROR: Stall in Runner thread, restarting!

2025/01/28 (16:28:50) | ===> btop++ v.1.4.0
2025/01/28 (16:28:50) | ERROR: Stall in Runner thread, restarting!

2025/01/29 (17:34:11) | ERROR: Stall in Runner thread, restarting!
2025/01/29 (13:12:25) | ===> btop++ v.1.4.0
2025/01/29 (13:12:25) | WARNING: Intel GPU: Failed to initialize PMU

2025/01/29 (18:45:56) | ===> btop++ v.1.4.0
2025/01/29 (18:45:56) | WARNING: NVML: Failed to get maximum GPU power draw, defaulting to 225W: Not Supported
2025/01/29 (18:45:56) | WARNING: Intel GPU: Failed to initialize PMU
2025/01/30 (15:58:06) | ERROR: Stall in Runner thread, restarting!

2025/01/30 (09:38:24) | ===> btop++ v.1.4.0
2025/01/30 (09:38:24) | ERROR: Stall in Runner thread, restarting!
2025/01/30 (12:26:06) | ERROR: Stall in Runner thread, restarting!

2025/01/30 (18:37:32) | ===> btop++ v.1.4.0
2025/01/30 (18:37:32) | ERROR: Stall in Runner thread, restarting!

2025/01/31 (13:17:39) | ===> btop++ v.1.4.0
2025/01/31 (13:17:39) | ERROR: Stall in Runner thread, restarting!

2025/01/31 (23:02:41) | ===> btop++ v.1.4.0
2025/01/31 (23:02:41) | ERROR: Stall in Runner thread, restarting!

2025/02/01 (02:41:31) | ===> btop++ v.1.4.0
2025/02/01 (02:41:31) | ERROR: Stall in Runner thread, restarting!

2025/02/01 (16:24:19) | ===> btop++ v.1.4.0
2025/02/01 (16:24:19) | ERROR: Stall in Runner thread, restarting!

2025/02/02 (16:51:38) | ===> btop++ v.1.4.0
2025/02/02 (16:51:38) | ERROR: Stall in Runner thread, restarting!

2025/02/03 (08:48:53) | ===> btop++ v.1.4.0
2025/02/03 (08:48:53) | ERROR: Stall in Runner thread, restarting!

2025/02/04 (11:25:32) | ===> btop++ v.1.4.0
2025/02/04 (11:25:32) | ERROR: Stall in Runner thread, restarting!

2025/02/06 (09:04:46) | ===> btop++ v.1.4.0
2025/02/06 (09:04:46) | ERROR: Stall in Runner thread, restarting!

2025/02/06 (09:14:37) | ===> btop++ v.1.4.0
2025/02/06 (09:14:37) | ERROR: Stall in Runner thread, restarting!

2025/02/06 (13:22:10) | ===> btop++ v.1.4.0
2025/02/06 (13:22:10) | ERROR: Stall in Runner thread, restarting!

2025/02/06 (18:49:21) | ===> btop++ v.1.4.0
2025/02/06 (18:49:21) | ERROR: Stall in Runner thread, restarting!

2025/02/07 (16:56:44) | ===> btop++ v.1.4.0
2025/02/07 (16:56:44) | ERROR: Stall in Runner thread, restarting!

2025/02/07 (19:50:46) | ===> btop++ v.1.4.0
2025/02/07 (19:50:46) | ERROR: Stall in Runner thread, restarting!

2025/02/08 (15:25:37) | ===> btop++ v.1.4.0
2025/02/08 (15:25:37) | ERROR: Stall in Runner thread, restarting!

2025/02/08 (16:25:50) | ===> btop++ v.1.4.0
2025/02/08 (16:25:50) | ERROR: Stall in Runner thread, restarting!

2025/02/08 (20:35:02) | ===> btop++ v.1.4.0
2025/02/08 (20:35:02) | ERROR: Stall in Runner thread, restarting!
2025/02/08 (20:50:46) | ERROR: Stall in Runner thread, restarting!

2025/02/09 (08:27:54) | ===> btop++ v.1.4.0
2025/02/09 (08:27:54) | ERROR: Stall in Runner thread, restarting!

2025/02/09 (21:37:17) | ===> btop++ v.1.4.0
2025/02/09 (21:37:17) | ERROR: Stall in Runner thread, restarting!

2025/02/10 (11:23:57) | ===> btop++ v.1.4.0
2025/02/10 (11:23:57) | ERROR: Stall in Runner thread, restarting!

2025/02/10 (19:54:54) | ===> btop++ v.1.4.0
2025/02/10 (19:54:54) | ERROR: Stall in Runner thread, restarting!
2025/02/11 (11:03:48) | ERROR: Stall in Runner thread, restarting!
